ETRACE LOG
               the mcause is 0x0000000b
               the mstatus is 0x00001800
               the mepc is 0x80000278
               the mtvec is 0x80000280
 ETRACE LOG
               the mcause is 0x0000000b
               the mstatus is 0x00000000
               the mepc is 0x80000278
               the mtvec is 0x80000280
 ETRACE LOG
               the mcause is 0x0000000b
               the mstatus is 0x00000000
               the mepc is 0x80000278
               the mtvec is 0x80000280
 ETRACE LOG
               the mcause is 0x0000000b
               the mstatus is 0x00000000
               the mepc is 0x80000278
               the mtvec is 0x80000280
 ETRACE LOG
               the mcause is 0x0000000b
               the mstatus is 0x00000000
               the mepc is 0x80000278
               the mtvec is 0x80000280
 ETRACE LOG
               the mcause is 0x0000000b
               the mstatus is 0x00000000
               the mepc is 0x80000278
               the mtvec is 0x80000280
 ETRACE LOG
               the mcause is 0x0000000b
               the mstatus is 0x00000000
               the mepc is 0x80000278
               the mtvec is 0x80000280
 ETRACE LOG
               the mcause is 0x0000000b
               the mstatus is 0x00000000
               the mepc is 0x80000278
               the mtvec is 0x80000280
 ETRACE LOG
               the mcause is 0x0000000b
               the mstatus is 0x00000000
               the mepc is 0x80000278
               the mtvec is 0x80000280
 ETRACE LOG
               the mcause is 0x0000000b
               the mstatus is 0x00000000
               the mepc is 0x80000278
               the mtvec is 0x80000280
 ETRACE LOG
               the mcause is 0x0000000b
               the mstatus is 0x00000000
               the mepc is 0x80000278
               the mtvec is 0x80000280
 ETRACE LOG
               the mcause is 0x0000000b
               the mstatus is 0x00000000
               the mepc is 0x80000278
               the mtvec is 0x80000280
 ETRACE LOG
               the mcause is 0x0000000b
               the mstatus is 0x00000000
               the mepc is 0x80000278
               the mtvec is 0x80000280
 ETRACE LOG
               the mcause is 0x0000000b
               the mstatus is 0x00000000
               the mepc is 0x80000278
               the mtvec is 0x80000280
 ETRACE LOG
               the mcause is 0x0000000b
               the mstatus is 0x00000000
               the mepc is 0x80000278
               the mtvec is 0x80000280
 ETRACE LOG
               the mcause is 0x0000000b
               the mstatus is 0x00000000
               the mepc is 0x80000278
               the mtvec is 0x80000280
 ETRACE LOG
               the mcause is 0x0000000b
               the mstatus is 0x00000000
               the mepc is 0x80000278
               the mtvec is 0x80000280
 ETRACE LOG
               the mcause is 0x0000000b
               the mstatus is 0x00000000
               the mepc is 0x80000278
               the mtvec is 0x80000280
 ETRACE LOG
               the mcause is 0x0000000b
               the mstatus is 0x00000000
               the mepc is 0x80000278
               the mtvec is 0x80000280
 ETRACE LOG
               the mcause is 0x0000000b
               the mstatus is 0x00000000
               the mepc is 0x80000278
               the mtvec is 0x80000280
 ETRACE LOG
               the mcause is 0x0000000b
               the mstatus is 0x00000000
               the mepc is 0x80000278
               the mtvec is 0x80000280
 ETRACE LOG
               the mcause is 0x0000000b
               the mstatus is 0x00001800
               the mepc is 0x8000027c
               the mtvec is 0x80000288
 ETRACE LOG
               the mcause is 0x0000000b
               the mstatus is 0x00000000
               the mepc is 0x8000027c
               the mtvec is 0x80000288
 ETRACE LOG
               the mcause is 0x0000000b
               the mstatus is 0x00000000
               the mepc is 0x8000027c
               the mtvec is 0x80000288
 ETRACE LOG
               the mcause is 0x0000000b
               the mstatus is 0x00000000
               the mepc is 0x8000027c
               the mtvec is 0x80000288
 ETRACE LOG
               the mcause is 0x0000000b
               the mstatus is 0x00000000
               the mepc is 0x8000027c
               the mtvec is 0x80000288
 ETRACE LOG
               the mcause is 0x0000000b
               the mstatus is 0x00000000
               the mepc is 0x8000027c
               the mtvec is 0x80000288
 ETRACE LOG
               the mcause is 0x0000000b
               the mstatus is 0x00000000
               the mepc is 0x8000027c
               the mtvec is 0x80000288
 ETRACE LOG
               the mcause is 0x0000000b
               the mstatus is 0x00000000
               the mepc is 0x8000027c
               the mtvec is 0x80000288
 ETRACE LOG
               the mcause is 0x0000000b
               the mstatus is 0x00000000
               the mepc is 0x8000027c
               the mtvec is 0x80000288
 ETRACE LOG
               the mcause is 0x0000000b
               the mstatus is 0x00000000
               the mepc is 0x8000027c
               the mtvec is 0x80000288
 ETRACE LOG
               the mcause is 0x0000000b
               the mstatus is 0x00000000
               the mepc is 0x8000027c
               the mtvec is 0x80000288
 ETRACE LOG
               the mcause is 0x0000000b
               the mstatus is 0x00000000
               the mepc is 0x8000027c
               the mtvec is 0x80000288
 ETRACE LOG
               the mcause is 0x0000000b
               the mstatus is 0x00000000
               the mepc is 0x8000027c
               the mtvec is 0x80000288
 ETRACE LOG
               the mcause is 0x0000000b
               the mstatus is 0x00000000
               the mepc is 0x8000027c
               the mtvec is 0x80000288
 ETRACE LOG
               the mcause is 0x0000000b
               the mstatus is 0x00001800
               the mepc is 0x80000290
               the mtvec is 0x80000298
 ETRACE LOG
               the mcause is 0x0000000b
               the mstatus is 0x00001800
               the mepc is 0x80000290
               the mtvec is 0x80000298
 ETRACE LOG
               the mcause is 0x0000000b
               the mstatus is 0x00001800
               the mepc is 0x80000290
               the mtvec is 0x80000298
 ETRACE LOG
               the mcause is 0x0000000b
               the mstatus is 0x00001800
               the mepc is 0x80000290
               the mtvec is 0x80000298
 ETRACE LOG
               the mcause is 0x0000000b
               the mstatus is 0x00001800
               the mepc is 0x80000290
               the mtvec is 0x80000298
 ETRACE LOG
               the mcause is 0x0000000b
               the mstatus is 0x00001800
               the mepc is 0x80000290
               the mtvec is 0x80000298
 ETRACE LOG
               the mcause is 0x0000000b
               the mstatus is 0x00001800
               the mepc is 0x80000290
               the mtvec is 0x80000298
 ETRACE LOG
               the mcause is 0x0000000b
               the mstatus is 0x00001800
               the mepc is 0x80000290
               the mtvec is 0x80000298
 ETRACE LOG
               the mcause is 0x0000000b
               the mstatus is 0x00001800
               the mepc is 0x80000290
               the mtvec is 0x80000298
 ETRACE LOG
               the mcause is 0x0000000b
               the mstatus is 0x00001800
               the mepc is 0x80000290
               the mtvec is 0x80000298
 ETRACE LOG
               the mcause is 0x0000000b
               the mstatus is 0x00001800
               the mepc is 0x80000290
               the mtvec is 0x80000298
 ETRACE LOG
               the mcause is 0x0000000b
               the mstatus is 0x00001800
               the mepc is 0x80000290
               the mtvec is 0x80000298
 